[Sat,25-Jul-Y,05:14:21][MSS][exception.py,222,__init__][ERROR] E ENTITY UPDATE UNIQUE ERROR: Entity <msss_session> obj add unique <instance_id:1234> check failed.
[Sat,25-Jul-Y,05:14:21][MSS][exception.py,179,__init__][ERROR] E BAD PARAMETER: 
[Sat,25-Jul-Y,12:38:10][MSS][exception.py,222,__init__][ERROR] E ENTITY UPDATE UNIQUE ERROR: Entity <msss_session> obj add unique <instance_id:1234> check failed.
[Sat,25-Jul-Y,12:38:10][MSS][exception.py,179,__init__][ERROR] E BAD PARAMETER: 
[Sat,25-Jul-Y,13:03:44][MSS][exception.py,222,__init__][ERROR] E ENTITY UPDATE UNIQUE ERROR: Entity <msss_session> obj add unique <instance_id:1234> check failed.
[Sat,25-Jul-Y,13:03:44][MSS][exception.py,179,__init__][ERROR] E BAD PARAMETER: 
[Sat,25-Jul-Y,13:05:10][MSS][exception.py,222,__init__][ERROR] E ENTITY UPDATE UNIQUE ERROR: Entity <msss_session> obj add unique <instance_id:1234> check failed.
[Sat,25-Jul-Y,13:05:10][MSS][exception.py,179,__init__][ERROR] E BAD PARAMETER: 
[Sat,25-Jul-Y,13:09:16][MSS][exception.py,222,__init__][ERROR] E ENTITY UPDATE UNIQUE ERROR: Entity <msss_session> obj add unique <instance_id:1234> check failed.
[Sat,25-Jul-Y,13:09:16][MSS][exception.py,179,__init__][ERROR] E BAD PARAMETER: 
[Sat,25-Jul-Y,13:10:58][MSS][exception.py,222,__init__][ERROR] E ENTITY UPDATE UNIQUE ERROR: Entity <msss_session> obj add unique <instance_id:1234> check failed.
[Sat,25-Jul-Y,13:11:04][MSS][exception.py,179,__init__][ERROR] E BAD PARAMETER: 
[Sat,25-Jul-Y,13:11:22][MSS][exception.py,179,__init__][ERROR] E BAD PARAMETER: 
[Sat,25-Jul-Y,13:12:27][MSS][exception.py,179,__init__][ERROR] E BAD PARAMETER: 
[Sat,25-Jul-Y,13:15:03][MSS][exception.py,222,__init__][ERROR] E ENTITY UPDATE UNIQUE ERROR: Entity <msss_session> object add/update <instance_id:1234> unique check error.
[Sat,25-Jul-Y,13:17:15][MSS][exception.py,222,__init__][ERROR] E ENTITY UPDATE UNIQUE ERROR: Entity <msss_session> object add/update <instance_id:1234> unique check error.
[Sat,25-Jul-Y,17:08:59][MSS][exception.py,222,__init__][ERROR] E ENTITY UPDATE UNIQUE ERROR: Entity <msss_session> object add/update <instance_id:1234> unique check error.
[Sat,25-Jul-Y,17:15:37][MSS][exception.py,44,__init__][ERROR] E ENTITY UPDATE UNIQUE ERROR: Entity <msss_session> object add/update <instance_id:1234> unique check error.
[Sat,25-Jul-Y,21:02:12][MSS][exception.py,44,__init__][ERROR] E BAD PARAMETER: query map keys<{}> format error.
[Sat,25-Jul-Y,21:05:31][MSS][exception.py,44,__init__][ERROR] E ENTITY UPDATE UNIQUE ERROR: Entity <msss_session> object add/update <instance_id:12343> unique check error.
[Sat,25-Jul-Y,21:07:28][MSS][exception.py,44,__init__][ERROR] E BAD PARAMETER: query map keys<session_input_id: 3> format error.
[Sat,25-Jul-Y,21:17:28][MSS][exception.py,44,__init__][ERROR] E ENTITY UPDATE UNIQUE ERROR: Entity <msss_session> object add/update <instance_id:12346> unique check error.
[Sat,25-Jul-Y,21:18:41][MSS][exception.py,44,__init__][ERROR] E BAD PARAMETER: entity <msss_session_input_value> query map keys<session_input_id: 4> error.
[Sat,25-Jul-Y,22:14:54][MSS][exception.py,44,__init__][ERROR] E ENTITY UPDATE UNIQUE ERROR: Entity <msss_session> object add/update <instance_id:12348> unique check error.
[Sat,25-Jul-Y,22:55:34][MSS][exception.py,44,__init__][ERROR] E BAD PARAMETER: entity <msss_session_input_value> query map keys<session_input_id: 1> error.
[Sat,25-Jul-Y,22:57:20][MSS][exception.py,44,__init__][ERROR] E BAD PARAMETER: entity <msss_session_input_value> query map keys<session_input_id: 2> error.
[Sat,25-Jul-Y,23:05:34][MSS][exception.py,44,__init__][ERROR] E BAD PARAMETER: entity <msss_session_input_value> query map keys<session_input_id: 4> error.
[Sat,25-Jul-Y,23:05:41][MSS][exception.py,44,__init__][ERROR] E ENTITY UPDATE UNIQUE ERROR: Entity <msss_session> object add/update <instance_id:1234f> unique check error.
[Sat,25-Jul-Y,23:38:19][MSS][exception.py,44,__init__][ERROR] E ENTITY UPDATE UNIQUE ERROR: Entity <msss_session> object add/update <instance_id:1234t> unique check error.
[Sat,25-Jul-Y,23:44:31][MSS][exception.py,44,__init__][ERROR] E ENTITY UPDATE UNIQUE ERROR: Entity <msss_session> object add/update <instance_id:1115> unique check error.
[Sat,25-Jul-Y,23:46:39][MSS][exception.py,44,__init__][ERROR] E ENTITY UPDATE UNIQUE ERROR: Entity <msss_session> object add/update <instance_id:1115> unique check error.
[Sat,25-Jul-Y,23:49:28][MSS][exception.py,44,__init__][ERROR] E ENTITY UPDATE UNIQUE ERROR: Entity <msss_session> object add/update <instance_id:1115> unique check error.
[Sun,26-Jul-Y,05:48:37][MSS][exception.py,44,__init__][ERROR] E ENTITY UPDATE UNIQUE ERROR: Entity <msss_session> object add/update <instance_id:1115> unique check error.
[Sun,26-Jul-Y,07:55:01][MSS][exception.py,44,__init__][ERROR] E ENTITY UPDATE UNIQUE ERROR: Entity <msss_session> object add/update <instance_id:1115> unique check error.
[Sun,26-Jul-Y,08:01:52][MSS][exception.py,44,__init__][ERROR] E ENTITY UPDATE UNIQUE ERROR: Entity <msss_session> object add/update <instance_id:1115> unique check error.
[Sun,26-Jul-Y,08:04:04][MSS][exception.py,44,__init__][ERROR] E ENTITY UPDATE UNIQUE ERROR: Entity <msss_session> object add/update <instance_id:1115> unique check error.
[Sun,26-Jul-Y,08:04:24][MSS][exception.py,44,__init__][ERROR] E ENTITY UPDATE UNIQUE ERROR: Entity <msss_session> object add/update <instance_id:1115> unique check error.
[Sun,26-Jul-Y,08:06:59][MSS][exception.py,44,__init__][ERROR] E ENTITY UPDATE UNIQUE ERROR: Entity <msss_session> object add/update <instance_id:1115> unique check error.
[Sun,26-Jul-Y,08:09:31][MSS][exception.py,44,__init__][ERROR] E ENTITY UPDATE UNIQUE ERROR: Entity <msss_session> object add/update <instance_id:1115> unique check error.
[Sun,26-Jul-Y,08:10:13][MSS][exception.py,44,__init__][ERROR] E ENTITY UPDATE UNIQUE ERROR: Entity <msss_session> object add/update <instance_id:1115> unique check error.
[Sun,26-Jul-Y,08:11:16][MSS][exception.py,44,__init__][ERROR] E ENTITY UPDATE UNIQUE ERROR: Entity <msss_session> object add/update <instance_id:1115> unique check error.
[Sun,26-Jul-Y,08:18:43][MSS][exception.py,47,__init__][ERROR] E ENTITY UPDATE UNIQUE ERROR: Entity <msss_session> object add/update <instance_id:1115> unique check error.
