[Sat,11-Jul-Y,21:53:48][SYS][pub_dict.py,101,post][ERROR] Dict[config_type:USER]
[Sat,11-Jul-Y,21:55:01][SYS][pub_dict.py,102,post][ERROR] Dict[config_type:USER] Exist.
[Sun,12-Jul-Y,00:19:59][SYS][db.py,294,update][ERROR] pub_dict obj name:USER15, category:config_type15 unique check failed.
[Sun,12-Jul-Y,00:21:15][SYS][db.py,294,update][ERROR] pub_dict obj name:USER15, category:config_type15 unique check failed.
[Sun,12-Jul-Y,00:21:29][SYS][db.py,294,update][ERROR] pub_dict obj name:USER15, category:config_type15 unique check failed.
[Sun,12-Jul-Y,00:23:33][SYS][db.py,294,update][ERROR] Entity <pub_dict> obj update unique <name:USER15, category:config_type15> check failed.
[Sun,12-Jul-Y,00:41:11][SYS][db.py,294,update][ERROR] Entity <pub_dict> obj update unique <name:USER15, category:config_type15> check failed.
[Sun,12-Jul-Y,00:42:12][SYS][db.py,294,update][ERROR] Entity <pub_dict> obj update unique <name:USER15, category:config_type15> check failed.
[Sun,12-Jul-Y,00:44:39][SYS][db.py,294,update][ERROR] Entity <pub_dict> obj update unique <name:USER15, category:config_type15> check failed.
[Sun,12-Jul-Y,00:47:09][SYS][db.py,294,update][ERROR] Entity <pub_dict> obj update unique <name:USER15, category:config_type15> check failed.
[Sun,12-Jul-Y,00:50:12][SYS][db.py,294,update][ERROR] Entity <pub_dict> obj update unique <name:USER15, category:config_type15> check failed.
[Sun,12-Jul-Y,00:50:37][SYS][db.py,294,update][ERROR] Entity <pub_dict> obj update unique <name:USER15, category:config_type15> check failed.
[Sun,12-Jul-Y,00:50:57][SYS][db.py,294,update][ERROR] Entity <pub_dict> obj update unique <name:USER15, category:config_type15> check failed.
[Sun,12-Jul-Y,00:52:18][SYS][db.py,294,update][ERROR] Entity <pub_dict> obj update unique <name:USER15, category:config_type15> check failed.
[Sun,12-Jul-Y,08:12:36][SYS][db.py,294,update][ERROR] Entity <pub_dict> obj update unique <name:USER15, category:config_type15> check failed.
[Sun,12-Jul-Y,08:12:59][SYS][db.py,294,update][ERROR] Entity <pub_dict> obj update unique <name:USER15, category:config_type15> check failed.
[Sun,12-Jul-Y,08:14:56][SYS][db.py,294,update][ERROR] Entity <pub_dict> obj update unique <name:USER15, category:config_type15> check failed.
[Sun,12-Jul-Y,08:17:31][SYS][db.py,294,update][ERROR] Entity <pub_dict> obj update unique <name:USER15, category:config_type15> check failed.
[Sun,12-Jul-Y,08:18:00][SYS][db.py,294,update][ERROR] Entity <pub_dict> obj update unique <name:USER15, category:config_type15> check failed.
[Sun,12-Jul-Y,08:19:42][SYS][db.py,294,update][ERROR] Entity <pub_dict> obj update unique <name:USER15, category:config_type15> check failed.
[Sun,12-Jul-Y,08:22:17][SYS][db.py,294,update][ERROR] Entity <pub_dict> obj update unique <name:USER15, category:config_type15> check failed.
[Sun,12-Jul-Y,08:26:03][SYS][db.py,294,update][ERROR] Entity <pub_dict> obj update unique <name:USER15, category:config_type15> check failed.
[Sun,12-Jul-Y,08:45:50][SYS][db.py,294,update][ERROR] Entity <pub_dict> obj update unique <name:USER15, category:config_type15> check failed.
[Sun,12-Jul-Y,08:50:14][SYS][db.py,294,update][ERROR] Entity <pub_dict> obj update unique <name:USER15, category:config_type15> check failed.
[Sun,12-Jul-Y,10:03:27][SYS][pub_dict.py,104,post][ERROR] Dict[config_type::USER] Exist.
[Sun,12-Jul-Y,10:33:38][SYS][db.py,129,add][ERROR] Entity <pub_dict> obj update unique <name:USER, category:config_type> check failed.
[Sun,12-Jul-Y,16:24:16][SYS][db.py,129,add][ERROR] Entity <pub_dict> obj update unique <name:USER, category:config_type> check failed.
[Sun,12-Jul-Y,16:24:33][SYS][db.py,129,add][ERROR] Entity <pub_dict> obj update unique <name:USER, category:config_type> check failed.
[Sun,12-Jul-Y,16:26:38][SYS][db.py,129,add][ERROR] Entity <pub_dict> obj update unique <name:USER, category:config_type> check failed.
[Sun,12-Jul-Y,16:28:43][SYS][db.py,129,add][ERROR] Entity <pub_dict> obj update unique <name:USER, category:config_type> check failed.
[Sun,12-Jul-Y,16:29:22][SYS][db.py,129,add][ERROR] Entity <pub_dict> obj update unique <name:USER, category:config_type> check failed.
[Sun,12-Jul-Y,16:33:43][SYS][db.py,172,add_many][ERROR] Entity <pub_dict> obj update <name:USER, category:config_type> unique check failed.
[Sun,12-Jul-Y,16:36:02][SYS][db.py,172,add_many][ERROR] Entity <pub_dict> obj update <name:USER>, <name:USER>, <name:USER>, <name:USER>, <name:USER>, <name:USER>, <name:USER> unique check failed.
[Thu,16-Jul-Y,06:43:10][SYS][db.py,155,add][ERROR] Entity <pub_dict> obj update unique <name:USER, category:config_type> check failed.
[Sat,18-Jul-Y,05:19:11][SYS][db.py,155,add][ERROR] Entity <mssw_ultility> obj update unique <name:EC> check failed.
[Sat,18-Jul-Y,05:20:27][SYS][db.py,155,add][ERROR] Entity <mssw_ultility> obj update unique <name:EC> check failed.
[Sat,18-Jul-Y,05:20:48][SYS][db.py,155,add][ERROR] Entity <mssw_ultility> obj update unique <name:EC> check failed.
[Sat,18-Jul-Y,05:22:59][SYS][db.py,155,add][ERROR] Entity <mssw_ultility> obj update unique <name:EC> check failed.
[Sat,18-Jul-Y,05:23:28][SYS][db.py,155,add][ERROR] Entity <mssw_ultility> obj update unique <name:EC> check failed.
[Sat,18-Jul-Y,05:40:13][SYS][db.py,155,add][ERROR] Entity <mssw_ultility> obj update unique <name:EC> check failed.
[Sat,18-Jul-Y,05:53:05][SYS][db.py,155,add][ERROR] Entity <mssw_ultility> obj update unique <name:EC> check failed.
[Sat,18-Jul-Y,05:55:07][SYS][db.py,155,add][ERROR] Entity <mssw_ultility> obj add unique <name:EC> check failed.
[Sat,18-Jul-Y,08:11:02][SYS][file.py,46,mgf_match_ls_sub_names][ERROR] [/Users/mingo/develop/git/demos/flask_demo/app/mssweb/dao/__init__.py] is NOT a directory.
[Sat,18-Jul-Y,08:34:46][SYS][db.py,155,add][ERROR] Entity <mssw_ultility> obj add unique <name:EC> check failed.
[Sun,19-Jul-Y,08:36:00][SYS][db.py,158,add][ERROR] Entity <mssw_ultility> obj add unique <name:EC3> check failed.
[Sun,19-Jul-Y,08:36:03][SYS][db.py,158,add][ERROR] Entity <mssw_ultility> obj add unique <name:EC3> check failed.
[Mon,20-Jul-Y,20:48:06][SYS][db.py,160,add][ERROR] Entity <mssw_ultility> obj add unique <name:EC3> check failed.
[Mon,20-Jul-Y,20:51:34][SYS][db.py,160,add][ERROR] Entity <mssw_ultility> obj add unique <name:EC4> check failed.
[Tue,21-Jul-Y,06:47:22][SYS][db.py,160,add][ERROR] Entity <mssw_ultility> obj add unique <name:EC4> check failed.
[Sat,25-Jul-Y,05:14:21][SYS][db.py,170,add][ERROR] Entity <msss_session> obj add unique <instance_id:1234> check failed.
[Sat,25-Jul-Y,12:38:10][SYS][db.py,174,add][ERROR] Entity <msss_session> obj add unique <instance_id:1234> check failed.
[Sat,25-Jul-Y,13:03:44][SYS][db.py,174,add][ERROR] Entity <msss_session> obj add unique <instance_id:1234> check failed.
[Sat,25-Jul-Y,13:05:10][SYS][db.py,174,add][ERROR] Entity <msss_session> obj add unique <instance_id:1234> check failed.
[Sat,25-Jul-Y,13:09:16][SYS][db.py,174,add][ERROR] Entity <msss_session> obj add unique <instance_id:1234> check failed.
[Sat,25-Jul-Y,13:10:58][SYS][db.py,174,add][ERROR] Entity <msss_session> obj add unique <instance_id:1234> check failed.
[Sat,25-Jul-Y,13:12:31][SYS][db.py,174,add][ERROR] Entity <msss_session> obj add unique <instance_id:1234> check failed.
[Sat,25-Jul-Y,21:32:17][SYS][db.py,553,init_db_processors][INFO] entity columns.
